<?xml version="1.0" encoding="UTF-8"?>
<coverage generated="1648591952897" clover="3.2.0">
  <project timestamp="1648591952898" name="All files">
    <metrics statements="53" coveredstatements="43" conditionals="61" coveredconditionals="49" methods="22" coveredmethods="18" elements="136" coveredelements="110" complexity="0" loc="53" ncloc="53" packages="9" files="10" classes="10"/>
    <package name="src">
      <metrics statements="1" coveredstatements="1" conditionals="0" coveredconditionals="0" methods="0" coveredmethods="0"/>
      <file name="config.js" path="C:\Users\monitoreocr\Documents\Users\Jonathan\Proyectos\social-media-frontend\src\config.js">
        <metrics statements="1" coveredstatements="1" conditionals="0" coveredconditionals="0" methods="0" coveredmethods="0"/>
        <line num="1" count="3" type="stmt"/>
      </file>
    </package>
    <package name="src.components.EditProfileForm">
      <metrics statements="5" coveredstatements="5" conditionals="6" coveredconditionals="5" methods="4" coveredmethods="4"/>
      <file name="index.js" path="C:\Users\monitoreocr\Documents\Users\Jonathan\Proyectos\social-media-frontend\src\components\EditProfileForm\index.js">
        <metrics statements="5" coveredstatements="5" conditionals="6" coveredconditionals="5" methods="4" coveredmethods="4"/>
        <line num="4" count="1" type="stmt"/>
        <line num="18" count="3" type="stmt"/>
        <line num="23" count="1" type="stmt"/>
        <line num="61" count="1" type="stmt"/>
        <line num="68" count="1" type="stmt"/>
      </file>
    </package>
    <package name="src.components.Hero">
      <metrics statements="1" coveredstatements="1" conditionals="18" coveredconditionals="18" methods="1" coveredmethods="1"/>
      <file name="index.js" path="C:\Users\monitoreocr\Documents\Users\Jonathan\Proyectos\social-media-frontend\src\components\Hero\index.js">
        <metrics statements="1" coveredstatements="1" conditionals="18" coveredconditionals="18" methods="1" coveredmethods="1"/>
        <line num="18" count="9" type="stmt"/>
      </file>
    </package>
    <package name="src.components.Idea">
      <metrics statements="3" coveredstatements="3" conditionals="15" coveredconditionals="12" methods="1" coveredmethods="1"/>
      <file name="index.js" path="C:\Users\monitoreocr\Documents\Users\Jonathan\Proyectos\social-media-frontend\src\components\Idea\index.js">
        <metrics statements="3" coveredstatements="3" conditionals="15" coveredconditionals="12" methods="1" coveredmethods="1"/>
        <line num="20" count="5" type="stmt"/>
        <line num="21" count="5" type="stmt"/>
        <line num="23" count="5" type="stmt"/>
      </file>
    </package>
    <package name="src.components.IdeaMenu">
      <metrics statements="2" coveredstatements="2" conditionals="2" coveredconditionals="1" methods="2" coveredmethods="2"/>
      <file name="index.js" path="C:\Users\monitoreocr\Documents\Users\Jonathan\Proyectos\social-media-frontend\src\components\IdeaMenu\index.js">
        <metrics statements="2" coveredstatements="2" conditionals="2" coveredconditionals="1" methods="2" coveredmethods="2"/>
        <line num="9" count="3" type="stmt"/>
        <line num="12" count="1" type="stmt"/>
      </file>
    </package>
    <package name="src.components.IdeasList">
      <metrics statements="6" coveredstatements="6" conditionals="4" coveredconditionals="4" methods="2" coveredmethods="2"/>
      <file name="index.js" path="C:\Users\monitoreocr\Documents\Users\Jonathan\Proyectos\social-media-frontend\src\components\IdeasList\index.js">
        <metrics statements="6" coveredstatements="6" conditionals="4" coveredconditionals="4" methods="2" coveredmethods="2"/>
        <line num="12" count="3" type="cond" truecount="2" falsecount="0"/>
        <line num="13" count="1" type="stmt"/>
        <line num="18" count="2" type="cond" truecount="2" falsecount="0"/>
        <line num="19" count="1" type="stmt"/>
        <line num="22" count="1" type="stmt"/>
        <line num="25" count="1" type="stmt"/>
      </file>
    </package>
    <package name="src.components.LikedButton">
      <metrics statements="13" coveredstatements="7" conditionals="12" coveredconditionals="7" methods="3" coveredmethods="2"/>
      <file name="index.js" path="C:\Users\monitoreocr\Documents\Users\Jonathan\Proyectos\social-media-frontend\src\components\LikedButton\index.js">
        <metrics statements="13" coveredstatements="7" conditionals="12" coveredconditionals="7" methods="3" coveredmethods="2"/>
        <line num="7" count="6" type="stmt"/>
        <line num="8" count="6" type="stmt"/>
        <line num="10" count="6" type="stmt"/>
        <line num="11" count="6" type="cond" truecount="3" falsecount="1"/>
        <line num="12" count="0" type="stmt"/>
        <line num="14" count="6" type="stmt"/>
        <line num="18" count="6" type="stmt"/>
        <line num="19" count="0" type="stmt"/>
        <line num="20" count="0" type="cond" truecount="0" falsecount="2"/>
        <line num="21" count="0" type="stmt"/>
        <line num="23" count="0" type="stmt"/>
        <line num="25" count="0" type="stmt"/>
        <line num="28" count="6" type="stmt"/>
      </file>
    </package>
    <package name="src.hooks">
      <metrics statements="21" coveredstatements="18" conditionals="4" coveredconditionals="2" methods="8" coveredmethods="6"/>
      <file name="useOpenMenu.js" path="C:\Users\monitoreocr\Documents\Users\Jonathan\Proyectos\social-media-frontend\src\hooks\useOpenMenu.js">
        <metrics statements="4" coveredstatements="3" conditionals="0" coveredconditionals="0" methods="2" coveredmethods="1"/>
        <line num="4" count="5" type="stmt"/>
        <line num="6" count="5" type="stmt"/>
        <line num="7" count="0" type="stmt"/>
        <line num="10" count="5" type="stmt"/>
      </file>
      <file name="useTimeAgo.js" path="C:\Users\monitoreocr\Documents\Users\Jonathan\Proyectos\social-media-frontend\src\hooks\useTimeAgo.js">
        <metrics statements="17" coveredstatements="15" conditionals="4" coveredconditionals="2" methods="6" coveredmethods="5"/>
        <line num="3" count="2" type="stmt"/>
        <line num="12" count="2" type="stmt"/>
        <line num="13" count="5" type="stmt"/>
        <line num="14" count="5" type="stmt"/>
        <line num="16" count="5" type="stmt"/>
        <line num="17" count="5" type="cond" truecount="2" falsecount="2"/>
        <line num="18" count="5" type="stmt"/>
        <line num="19" count="5" type="stmt"/>
        <line num="25" count="5" type="stmt"/>
        <line num="27" count="5" type="stmt"/>
        <line num="28" count="5" type="stmt"/>
        <line num="29" count="0" type="stmt"/>
        <line num="30" count="0" type="stmt"/>
        <line num="32" count="5" type="stmt"/>
        <line num="35" count="5" type="stmt"/>
        <line num="39" count="5" type="stmt"/>
        <line num="41" count="5" type="stmt"/>
      </file>
    </package>
    <package name="src.services">
      <metrics statements="1" coveredstatements="0" conditionals="0" coveredconditionals="0" methods="1" coveredmethods="0"/>
      <file name="likePost.js" path="C:\Users\monitoreocr\Documents\Users\Jonathan\Proyectos\social-media-frontend\src\services\likePost.js">
        <metrics statements="1" coveredstatements="0" conditionals="0" coveredconditionals="0" methods="1" coveredmethods="0"/>
        <line num="5" count="0" type="stmt"/>
      </file>
    </package>
  </project>
</coverage>
