TN:
SF:src\config.js
FNF:0
FNH:0
DA:1,3
LF:1
LH:1
BRF:0
BRH:0
end_of_record
TN:
SF:src\components\EditProfileForm\index.js
FN:11,editProfileForm
FN:22,(anonymous_1)
FN:61,(anonymous_2)
FN:68,(anonymous_3)
FNF:4
FNH:4
FNDA:3,editProfileForm
FNDA:1,(anonymous_1)
FNDA:1,(anonymous_2)
FNDA:1,(anonymous_3)
DA:4,1
DA:18,3
DA:23,1
DA:61,1
DA:68,1
LF:5
LH:5
BRDA:27,0,0,3
BRDA:27,0,1,3
BRDA:42,1,0,3
BRDA:42,1,1,3
BRDA:71,2,0,3
BRDA:71,2,1,0
BRF:6
BRH:5
end_of_record
TN:
SF:src\components\Hero\index.js
FN:8,Hero
FNF:1
FNH:1
FNDA:9,Hero
DA:18,9
LF:1
LH:1
BRDA:22,0,0,9
BRDA:22,0,1,6
BRDA:25,1,0,9
BRDA:25,1,1,1
BRDA:32,2,0,9
BRDA:32,2,1,2
BRDA:32,2,2,2
BRDA:42,3,0,9
BRDA:42,3,1,6
BRDA:45,4,0,9
BRDA:45,4,1,1
BRDA:52,5,0,9
BRDA:52,5,1,2
BRDA:52,5,2,2
BRDA:59,6,0,9
BRDA:59,6,1,8
BRDA:65,7,0,8
BRDA:65,7,1,1
BRF:18
BRH:18
end_of_record
TN:
SF:src\components\Idea\index.js
FN:9,Idea
FNF:1
FNH:1
FNDA:5,Idea
DA:20,5
DA:21,5
DA:23,5
LF:3
LH:3
BRDA:27,0,0,5
BRDA:27,0,1,2
BRDA:30,1,0,5
BRDA:30,1,1,1
BRDA:37,2,0,5
BRDA:37,2,1,2
BRDA:37,2,2,2
BRDA:46,3,0,5
BRDA:46,3,1,0
BRDA:53,4,0,5
BRDA:53,4,1,0
BRDA:60,5,0,5
BRDA:60,5,1,4
BRDA:62,6,0,5
BRDA:62,6,1,0
BRF:15
BRH:12
end_of_record
TN:
SF:src\components\IdeaMenu\index.js
FN:3,IdeaMenu
FN:12,(anonymous_1)
FNF:2
FNH:2
FNDA:3,IdeaMenu
FNDA:1,(anonymous_1)
DA:9,3
DA:12,1
LF:2
LH:2
BRDA:10,0,0,3
BRDA:10,0,1,0
BRF:2
BRH:1
end_of_record
TN:
SF:src\components\IdeasList\index.js
FN:4,IdeaList
FN:24,(anonymous_1)
FNF:2
FNH:2
FNDA:3,IdeaList
FNDA:1,(anonymous_1)
DA:12,3
DA:13,1
DA:18,2
DA:19,1
DA:22,1
DA:25,1
LF:6
LH:6
BRDA:12,0,0,1
BRDA:12,0,1,2
BRDA:18,1,0,1
BRDA:18,1,1,1
BRF:4
BRH:4
end_of_record
TN:
SF:src\components\LikedButton\index.js
FN:6,LikedButton
FN:10,(anonymous_1)
FN:18,(anonymous_2)
FNF:3
FNH:2
FNDA:6,LikedButton
FNDA:6,(anonymous_1)
FNDA:0,(anonymous_2)
DA:7,6
DA:8,6
DA:10,6
DA:11,6
DA:12,0
DA:14,6
DA:18,6
DA:19,0
DA:20,0
DA:21,0
DA:23,0
DA:25,0
DA:28,6
LF:13
LH:7
BRDA:11,0,0,0
BRDA:11,0,1,6
BRDA:11,1,0,6
BRDA:11,1,1,1
BRDA:20,2,0,0
BRDA:20,2,1,0
BRDA:32,3,0,0
BRDA:32,3,1,6
BRDA:34,4,0,0
BRDA:34,4,1,6
BRDA:36,5,0,6
BRDA:36,5,1,1
BRF:12
BRH:7
end_of_record
TN:
SF:src\hooks\useOpenMenu.js
FN:3,useOpenMenu
FN:6,(anonymous_1)
FNF:2
FNH:1
FNDA:5,useOpenMenu
FNDA:0,(anonymous_1)
DA:4,5
DA:6,5
DA:7,0
DA:10,5
LF:4
LH:3
BRF:0
BRH:0
end_of_record
TN:
SF:src\hooks\useTimeAgo.js
FN:12,(anonymous_0)
FN:24,useTimeAgo
FN:25,(anonymous_2)
FN:27,(anonymous_3)
FN:28,(anonymous_4)
FN:32,(anonymous_5)
FNF:6
FNH:5
FNDA:5,(anonymous_0)
FNDA:5,useTimeAgo
FNDA:5,(anonymous_2)
FNDA:5,(anonymous_3)
FNDA:0,(anonymous_4)
FNDA:5,(anonymous_5)
DA:3,2
DA:12,2
DA:13,5
DA:14,5
DA:16,5
DA:17,5
DA:18,5
DA:19,5
DA:25,5
DA:27,5
DA:28,5
DA:29,0
DA:30,0
DA:32,5
DA:35,5
DA:39,5
DA:41,5
LF:17
LH:15
BRDA:17,0,0,5
BRDA:17,0,1,0
BRDA:17,1,0,5
BRDA:17,1,1,0
BRF:4
BRH:2
end_of_record
TN:
SF:src\services\likePost.js
FN:4,likePost
FNF:1
FNH:0
FNDA:0,likePost
DA:5,0
LF:1
LH:0
BRF:0
BRH:0
end_of_record
